<?xml version="1.0" encoding="UTF-8"?>
<testsuite name="bcd.TesteExemplo01SQLite" tests="4" skipped="0" failures="0" errors="0" timestamp="2025-06-18T00:26:37.832Z" hostname="sje-lin-info-895186" time="0.102">
  <properties/>
  <testcase name="testeAincluirRegistro()" classname="bcd.TesteExemplo01SQLite" time="0.021"/>
  <testcase name="testeBlistarRegistros()" classname="bcd.TesteExemplo01SQLite" time="0.021"/>
  <testcase name="testeDalterarRegistro()" classname="bcd.TesteExemplo01SQLite" time="0.017"/>
  <testcase name="testeEexcluirRegistro()" classname="bcd.TesteExemplo01SQLite" time="0.016"/>
  <system-out><![CDATA[]]></system-out>
  <system-err><![CDATA[jun. 17, 2025 9:26:37 PM bcd.TesteExemplo01SQLite testeBlistarRegistros
INFORMAÇÕES: 
---------------------------------------------------------------------------------
|ID   |Nome                     |Peso      |Altura    |Email                    |
---------------------------------------------------------------------------------
|1    |Aluno Teste              |85,20     |180       |aluno@teste.com.br       |
---------------------------------------------------------------------------------

]]></system-err>
</testsuite>
